<?xml version="1.0" encoding="UTF-8" ?>
<testsuite errors="1" failures="0" hostname="Guest644" name="com.msb.account.AccountSearch" skipped="0" tests="1" time="0.0" timestamp="2017-02-06T04:36:50">
  <properties>
[...]
</properties>
  <error message="org/openqa/selenium/NoSuchElementException" type="java.lang.NoClassDefFoundError">java.lang.NoClassDefFoundError: org/openqa/selenium/NoSuchElementException
	at java.lang.Class.forName0(Native Method)
	at java.lang.Class.forName(Class.java:264)
Caused by: java.lang.ClassNotFoundException: org.openqa.selenium.NoSuchElementException
	at java.net.URLClassLoader.findClass(URLClassLoader.java:381)
	at java.lang.ClassLoader.loadClass(ClassLoader.java:424)
	at sun.misc.Launcher$AppClassLoader.loadClass(Launcher.java:331)
	at java.lang.ClassLoader.loadClass(ClassLoader.java:357)
</error>
  <system-out><![CDATA[]]></system-out>
  <system-err><![CDATA[]]></system-err>
</testsuite>
