<?xml version="1.0" encoding="UTF-8" ?>
<testsuite errors="1" failures="0" hostname="MSS" name="com.msb.utilities.ActionAuthorization" skipped="0" tests="1" time="79.725" timestamp="2016-07-07T18:16:48">
  <properties>
[...]
</properties>
  <testcase classname="com.msb.utilities.ActionAuthorization" name="testActionAuthorization" time="79.522">
    <error message="Unexpected modal dialog (text: Error occured): Error occured&#xa;Build info: version: &apos;2.45.0&apos;, revision: &apos;32a636c&apos;, time: &apos;2015-03-05 22:01:35&apos;&#xa;System info: host: &apos;MSS&apos;, ip: &apos;172.17.13.69&apos;, os.name: &apos;Windows 8.1&apos;, os.arch: &apos;amd64&apos;, os.version: &apos;6.3&apos;, java.version: &apos;1.8.0_65&apos;&#xa;Driver info: org.openqa.selenium.firefox.FirefoxDriver&#xa;Capabilities [{applicationCacheEnabled=true, rotatable=false, handlesAlerts=true, databaseEnabled=true, version=35.0.1, platform=WINDOWS, nativeEvents=false, acceptSslCerts=true, webStorageEnabled=true, locationContextEnabled=true, browserName=firefox, takesScreenshot=true, javascriptEnabled=true, cssSelectorsEnabled=true}]&#xa;Session ID: f2edd83a-5034-4bd7-9f7e-e4db2f293630&#xa;*** Element info: {Using=xpath, value=//a[@id=&apos;dropdownMenu2&apos;]/font/span/i}" type="org.openqa.selenium.UnhandledAlertException">org.openqa.selenium.UnhandledAlertException: Unexpected modal dialog (text: Error occured): Error occured
Build info: version: &apos;2.45.0&apos;, revision: &apos;32a636c&apos;, time: &apos;2015-03-05 22:01:35&apos;
System info: host: &apos;MSS&apos;, ip: &apos;172.17.13.69&apos;, os.name: &apos;Windows 8.1&apos;, os.arch: &apos;amd64&apos;, os.version: &apos;6.3&apos;, java.version: &apos;1.8.0_65&apos;
Driver info: org.openqa.selenium.firefox.FirefoxDriver
Capabilities [{applicationCacheEnabled=true, rotatable=false, handlesAlerts=true, databaseEnabled=true, version=35.0.1, platform=WINDOWS, nativeEvents=false, acceptSslCerts=true, webStorageEnabled=true, locationContextEnabled=true, browserName=firefox, takesScreenshot=true, javascriptEnabled=true, cssSelectorsEnabled=true}]
Session ID: f2edd83a-5034-4bd7-9f7e-e4db2f293630
*** Element info: {Using=xpath, value=//a[@id=&apos;dropdownMenu2&apos;]/font/span/i}
	at java.lang.reflect.Constructor.newInstance(Constructor.java:422)
	at org.openqa.selenium.remote.ErrorHandler.createThrowable(ErrorHandler.java:204)
	at org.openqa.selenium.remote.ErrorHandler.createUnhandledAlertException(ErrorHandler.java:185)
	at org.openqa.selenium.remote.ErrorHandler.throwIfResponseFailed(ErrorHandler.java:152)
	at org.openqa.selenium.remote.RemoteWebDriver.execute(RemoteWebDriver.java:599)
	at org.openqa.selenium.remote.RemoteWebDriver.findElement(RemoteWebDriver.java:352)
	at org.openqa.selenium.remote.RemoteWebDriver.findElementByXPath(RemoteWebDriver.java:449)
	at org.openqa.selenium.By$ByXPath.findElement(By.java:357)
	at org.openqa.selenium.remote.RemoteWebDriver.findElement(RemoteWebDriver.java:344)
	at com.msb.util.MSBUtils.userLogOut(MSBUtils.java:95)
	at com.msb.utilities.ActionAuthorization.testActionAuthorization(ActionAuthorization.java:122)
</error>
  </testcase>
  <system-out><![CDATA[Action Authorization actionAuthorization
Location--->/C:/Program%20Files/Java/jdk1.8.0_65/jre/lib/ext/junit-dep-4.11.jar
Location Path--->D:\eclipse_juno\MSBWorkSpace
Entered writelog
2016/07/07
filepath-->D:\eclipse_juno\MSBWorkSpace//report/
Was file deleted ? : false
D:\eclipse_juno\MSBWorkSpace//report/MSBReport.txt
Time---->79
diffMs==================================>79
Inside if
diffSec-->79000Min-->1Sec--->19
2016/07/07
Was file deleted ? : false
D:\eclipse_juno\MSBWorkSpace//report/MSBReport.html
]]></system-out>
  <system-err><![CDATA[log4j:WARN No appenders could be found for logger (org.apache.http.client.protocol.RequestAddCookies).
log4j:WARN Please initialize the log4j system properly.
log4j:WARN See http://logging.apache.org/log4j/1.2/faq.html#noconfig for more info.
]]></system-err>
</testsuite>
